This is pdfTeX, Version 3.14159265-2.6-1.40.21 (MiKTeX 20.6.29) (preloaded format=latex 2022.7.1)  1 JUL 2022 16:51
entering extended mode
**\makeatletter\def\HCode{\futurelet\HCode\HChar}\def\HChar{\ifx\HCode\def\HCod
e##1{\Link##1}\expandafter\HCode\else\expandafter\Link\fi}\def\Link#1.a.b.c.{\g
@addto@macro\@documentclasshook{\RequirePackage[#1,html]{tex4ht}}\let\HCode\doc
umentstyle\def\documentstyle{\let\documentstyle\HCode\expandafter\def\csname te
x4ht\endcsname{#1,html}\def\HCode####1{\documentstyle[tex4ht,}\@ifnextchar[{\HC
ode}{\documentstyle[tex4ht]}}}\makeatother\HCode .a.b.c.\input  main.tex
 (main.tex
("C:\Program Files\MiKTeX\tex/latex/base\article.cls"
Document Class: article 2019/12/20 v1.4l Standard LaTeX document class
("C:\Program Files\MiKTeX\tex/latex/base\size10.clo"
File: size10.clo 2019/12/20 v1.4l Standard LaTeX file (size option)
)
\c@part=\count167
\c@section=\count168
\c@subsection=\count169
\c@subsubsection=\count170
\c@paragraph=\count171
\c@subparagraph=\count172
\c@figure=\count173
\c@table=\count174
\abovecaptionskip=\skip47
\belowcaptionskip=\skip48
\bibindent=\dimen134
)
("C:\Program Files\MiKTeX\tex/generic/tex4ht\tex4ht.sty"
version 2019-03-18-15:24
Package: tex4ht 
--------------------------------------
--- Note --- for _ at preamble, use the command line option `early_'
--------------------------------------
--------------------------------------
--- Note --- for ^ at preamble, use the command line option `early^'
--------------------------------------
\tmp:toks=\toks15
)
("C:\Program Files\MiKTeX\tex/generic/tex4ht\usepackage.4ht"
version 2019-12-19-14:27
)
("C:\Program Files\MiKTeX\tex/latex/base\inputenc.sty"
Package: inputenc 2018/08/11 v1.3c Input encoding file
\inpenc@prehook=\toks16
\inpenc@posthook=\toks17
)
("C:\Program Files\MiKTeX\tex/latex/url\url.sty"
\Urlmuskip=\muskip16
Package: url 2013/09/16  ver 3.4  Verb mode for urls, etc.
)
("C:\Program Files\MiKTeX\tex/latex/hyperref\hyperref.sty"
Package: hyperref 2020-05-15 v7.00e Hypertext links for LaTeX

("C:\Program Files\MiKTeX\tex/generic/ltxcmds\ltxcmds.sty"
Package: ltxcmds 2020-05-10 v1.25 LaTeX kernel commands for general use (HO)
)
("C:\Program Files\MiKTeX\tex/generic/iftex\iftex.sty"
Package: iftex 2020/03/06 v1.0d TeX engine tests
)
("C:\Program Files\MiKTeX\tex/generic/pdftexcmds\pdftexcmds.sty"
Package: pdftexcmds 2020-06-27 v0.33 Utility functions of pdfTeX for LuaTeX (HO
)

("C:\Program Files\MiKTeX\tex/generic/infwarerr\infwarerr.sty"
Package: infwarerr 2019/12/03 v1.5 Providing info/warning/error messages (HO)
)
Package pdftexcmds Info: \pdf@primitive is available.
Package pdftexcmds Info: \pdf@ifprimitive is available.
Package pdftexcmds Info: \pdfdraftmode is ignored in DVI mode.
)
("C:\Program Files\MiKTeX\tex/latex/graphics\keyval.sty"
Package: keyval 2014/10/28 v1.15 key=value parser (DPC)
\KV@toks@=\toks18
)
("C:\Program Files\MiKTeX\tex/generic/kvsetkeys\kvsetkeys.sty"
Package: kvsetkeys 2019/12/15 v1.18 Key value parser (HO)
)
("C:\Program Files\MiKTeX\tex/generic/kvdefinekeys\kvdefinekeys.sty"
Package: kvdefinekeys 2019-12-19 v1.6 Define keys (HO)
)
("C:\Program Files\MiKTeX\tex/generic/pdfescape\pdfescape.sty"
Package: pdfescape 2019/12/09 v1.15 Implements pdfTeX's escape features (HO)
)
("C:\Program Files\MiKTeX\tex/latex/hycolor\hycolor.sty"
Package: hycolor 2020-01-27 v1.10 Color options for hyperref/bookmark (HO)
)
("C:\Program Files\MiKTeX\tex/latex/letltxmacro\letltxmacro.sty"
Package: letltxmacro 2019/12/03 v1.6 Let assignment for LaTeX macros (HO)
)
("C:\Program Files\MiKTeX\tex/latex/auxhook\auxhook.sty"
Package: auxhook 2019-12-17 v1.6 Hooks for auxiliary files (HO)


Package auxhook Warning: Cannot patch \document,
(auxhook)                using \AtBeginDocument instead.

) ("C:\Program Files\MiKTeX\tex/latex/kvoptions\kvoptions.sty"
Package: kvoptions 2022-06-15 v3.15 Key value format for package options (HO)
)
\@linkdim=\dimen135
\Hy@linkcounter=\count175
\Hy@pagecounter=\count176

("C:\Program Files\MiKTeX\tex/latex/hyperref\pd1enc.def"
File: pd1enc.def 2020-05-15 v7.00e Hyperref: PDFDocEncoding definition (HO)
Now handling font encoding PD1 ...
... no UTF-8 mapping file for font encoding PD1
)
("C:\Program Files\MiKTeX\tex/generic/intcalc\intcalc.sty"
Package: intcalc 2019/12/15 v1.3 Expandable calculations with integers (HO)
)
("C:\Program Files\MiKTeX\tex/generic/etexcmds\etexcmds.sty"
Package: etexcmds 2019/12/15 v1.7 Avoid name clashes with e-TeX commands (HO)
)
\Hy@SavedSpaceFactor=\count177
Package hyperref Info: Option `colorlinks' set `true' on input line 4338.
Package hyperref Info: Hyper figures OFF on input line 4464.
Package hyperref Info: Link nesting OFF on input line 4469.
Package hyperref Info: Hyper index ON on input line 4472.
Package hyperref Info: Plain pages OFF on input line 4479.
Package hyperref Info: Backreferencing OFF on input line 4484.
Package hyperref Info: Implicit mode ON; LaTeX internals redefined.
Package hyperref Info: Bookmarks ON on input line 4717.
\c@Hy@tempcnt=\count178
LaTeX Info: Redefining \url on input line 5076.
\XeTeXLinkMargin=\dimen136

("C:\Program Files\MiKTeX\tex/generic/bitset\bitset.sty"
Package: bitset 2019/12/09 v1.3 Handle bit-vector datatype (HO)

("C:\Program Files\MiKTeX\tex/generic/bigintcalc\bigintcalc.sty"
Package: bigintcalc 2019/12/15 v1.5 Expandable calculations on big integers (HO
)
))
\Fld@menulength=\count179
\Field@Width=\dimen137
\Fld@charsize=\dimen138
\Field@toks=\toks19
Package hyperref Info: Hyper figures OFF on input line 6347.
Package hyperref Info: Link nesting OFF on input line 6352.
Package hyperref Info: Hyper index ON on input line 6355.
Package hyperref Info: backreferencing OFF on input line 6362.
Package hyperref Info: Link coloring ON on input line 6365.
Package hyperref Info: Link coloring with OCG OFF on input line 6372.
Package hyperref Info: PDF/A mode OFF on input line 6377.
LaTeX Info: Redefining \ref on input line 6417.
LaTeX Info: Redefining \pageref on input line 6421.

("C:\Program Files\MiKTeX\tex/generic/atbegshi\atbegshi.sty"
Package: atbegshi 2019/12/05 v1.19 At begin shipout hook (HO)
)
\Hy@abspage=\count180


Package hyperref Message: Stopped early.

)
Package hyperref Info: Driver: htex4ht.
 ("C:\Program Files\MiKTeX\tex/latex/hyperref\htex4ht.def"
File: htex4ht.def 2020-05-15 v7.00e Hyperref driver for TeX4ht
Package hyperref Info: tex4ht is already loaded.
)
("C:\Program Files\MiKTeX\tex/latex/epigraph\epigraph.sty"
Package: epigraph 2020/01/02 v1.5e typesetting epigraphs

("C:\Program Files\MiKTeX\tex/latex/nextpage\nextpage.sty"
Package: nextpage 2009/09/03 v1.1a additional page commands
)
\beforeepigraphskip=\skip49
\afterepigraphskip=\skip50
\epigraphwidth=\skip51
\epigraphrule=\skip52
)
("C:\Program Files\MiKTeX\tex/latex/graphics\graphicx.sty"
Package: graphicx 2019/11/30 v1.2a Enhanced LaTeX Graphics (DPC,SPQR)

("C:\Program Files\MiKTeX\tex/generic/tex4ht\usepackage.4ht"
version 2019-12-19-14:27
)
("C:\Program Files\MiKTeX\tex/latex/graphics\graphics.sty"
Package: graphics 2019/11/30 v1.4a Standard LaTeX Graphics (DPC,SPQR)

("C:\Program Files\MiKTeX\tex/latex/graphics\trig.sty"
Package: trig 2016/01/03 v1.10 sin cos tan (DPC)
)
("C:\Program Files\MiKTeX\tex/latex/graphics-cfg\graphics.cfg"
File: graphics.cfg 2016/06/04 v1.11 sample graphics configuration
)
Package graphics Info: Driver file: dvips.def on input line 105.

("C:\Program Files\MiKTeX\tex/latex/graphics-def\dvips.def"
File: dvips.def 2017/06/20 v3.1d Graphics/color driver for dvips
))
\Gin@req@height=\dimen139
\Gin@req@width=\dimen140
)
("C:\Program Files\MiKTeX\tex/generic/tex4ht\tex4ht.4ht"
version 2018-12-30-09:29
--------------------------------------
--- Note --- for additional information, use the command line option `info'
--------------------------------------

::::::::::::::::::::::::::::::::::::::::::
 TeX4ht info is available in the log file 
::::::::::::::::::::::::::::::::::::::::::
) ("C:\Program Files\MiKTeX\tex/generic/tex4ht\tex4ht.sty"
version 2019-03-18-15:24

("C:\Program Files\MiKTeX\tex/latex/graphics\color.sty"
Package: color 2019/11/23 v1.2a Standard LaTeX Color (DPC)

("C:\Program Files\MiKTeX\tex/latex/graphics-cfg\color.cfg"
File: color.cfg 2016/01/02 v1.6 sample color configuration
)
Package color Info: Driver file: dvips.def on input line 147.

("C:\Program Files\MiKTeX\tex/latex/graphics\dvipsnam.def"
File: dvipsnam.def 2016/06/17 v3.0m Driver-dependent file (DPC,SPQR)
))
--- needs --- tex4ht main ---
\tmp:cnt=\count181
\openout15 = `main.tmp'.

(main.tmp)
\tmp:dim=\skip53
--------------------------------------
--- Note --- for XML code, use the command line option `xml' or `xhtml'
--------------------------------------
 (main.xref)
\:refout=\write3
\openout3 = `main.xref'.

 ("C:\Program Files\MiKTeX\tex/generic/tex4ht\html4.4ht"
version 2020-01-24-14:39
--------------------------------------
--- Note --- to remove the <?xml version=...?> processing instruction use the c
ommand line option `no-VERSION'
--------------------------------------
--------------------------------------
--- Note --- to remove the DOCTYPE declaration use the command line option `no-
DOCTYPE'
--------------------------------------
) ("C:\Program Files\MiKTeX\tex/generic/tex4ht\html4-math.4ht"
version 2019-12-16-15:21
)
--------------------------------------
--- Note --- for marking of the base font, use the command line option `fonts+'

--------------------------------------
--------------------------------------
--- Note --- for non active _, use the command line option `no_'
--------------------------------------
--------------------------------------
--- Note --- for _ of catcode 13, use the command line option `_13'
--------------------------------------
--------------------------------------
--- Note --- for non active ^, use the command line option `no^'
--------------------------------------
--------------------------------------
--- Note --- for ^ of catcode 13, use the command line option `^13'
--------------------------------------

("C:\Program Files\MiKTeX\tex/generic/tex4ht\html4.4ht"
version 2020-01-24-14:39
--------------------------------------
--- Note --- for alternative charset, use the command line option `charset=...'

--------------------------------------
--------------------------------------
--- Note --- to ignore CSS font decoration, use the `NoFonts' command line opti
on
--------------------------------------
--------------------------------------
--- Note --- for jpg bitmaps of pictures, use the `jpg' command line option. (C
haracter bitmaps are controled only by `g' records of tex4ht.env and `-g' switc
hes of tex4ht.c) 
--------------------------------------
--------------------------------------
--- Note --- for gif bitmaps of pictures, use the `gif' command line option. (C
haracter bitmaps are controled only by `g' records of tex4ht.env and `-g' switc
hes of tex4ht.c) 
--------------------------------------
--------------------------------------
--- Note --- for content and toc in 2 frames, use the command line option `fram
es'
--------------------------------------
--------------------------------------
--- Note --- for content, toc, and footnotes in 3 frames, use the command line 
option `frames-fn'
--------------------------------------
--------------------------------------
--- Note --- for file extension name xht, use the command line option `xht'
--------------------------------------
TeX4ht package options: html
--------------------------------------
--- Note --- To print a timestamp, use the command line option timestamp
--------------------------------------
--------------------------------------
--- Note --- to ignore CSS code, use the command line option `-css
--------------------------------------
--------------------------------------
--- Note --- for inline CSS code, use the command line option `css-in'
--------------------------------------
--------------------------------------
--- Note --- for pop ups on mouse over, use the command line option `mouseover'

--------------------------------------
--------------------------------------
--- Note --- for addressing images in a subdirectory, use the command line opti
on `imgdir:.../'
--------------------------------------
)
("C:\Program Files\MiKTeX\tex/generic/tex4ht\html4-math.4ht"
version 2019-12-16-15:21
)
\:tokwrite=\toks20
\:tokpage=\toks21
--------------------------------------
--- Note --- for back links to toc, use the command line option `sections+'
--------------------------------------
--------------------------------------
--- Note --- for linear crosslinks of pages, use the command line option `next'

--------------------------------------
\openout15 = `main.4ct'.

\:tocout=\write4
\openout4 = `main.4tc'.


("C:\Program Files\MiKTeX\tex/generic/tex4ht\html4.4ht"
version 2020-01-24-14:39
)
("C:\Program Files\MiKTeX\tex/generic/tex4ht\html4-math.4ht"
version 2019-12-16-15:21
)
("C:\Program Files\MiKTeX\tex/generic/tex4ht\latex.4ht"
version 2019-08-26-14:22
LaTeX Info: Redefining \_ on input line 168.
--------------------------------------
--- Note --- for links into captions, instead of float heads, use the command l
ine option `refcaption'
--------------------------------------

("C:\Program Files\MiKTeX\tex/generic/tex4ht\html4.4ht"
version 2020-01-24-14:39
)
("C:\Program Files\MiKTeX\tex/generic/tex4ht\html4-math.4ht"
version 2019-12-16-15:21
)
("C:\Program Files\MiKTeX\tex/generic/tex4ht\html4.4ht"
version 2020-01-24-14:39
--------------------------------------
--- Note --- For mini tocs immediately aftter the header use the command line o
ption `minitoc<'
--------------------------------------
--------------------------------------
--- Note --- for enumerated list elements with valued data, use the command lin
e option `enumerate+'
--------------------------------------
--------------------------------------
--- Note --- for enumerated list elements li's with value attributes, use the c
ommand line option `enumerate-'
--------------------------------------
--------------------------------------
--- Note --- for CSS2 code, use the command line option `css2'
--------------------------------------
--------------------------------------
--- Note --- for pictorial tabular, use the command line option `pic-tabular'
--------------------------------------
--------------------------------------
--- Note --- for bitmap fbox'es, use the command line option `pic-fbox'
--------------------------------------
--------------------------------------
--- Note --- for bitmap framebox'es, use the command line option `pic-framebox'

--------------------------------------
--------------------------------------
--- Note --- for inline footnotes use command line option `fn-in'
--------------------------------------
--------------------------------------
--- Note --- for tracing of latex font commands, use the command line option `f
onts'
--------------------------------------
--------------------------------------
--- Note --- for width specifications of tabular p entries, use the `p-width' c
ommand line option or a configuration similar to \Configure{HColWidth}{\HCode{ 
style="width:\HColWidth"}}
--------------------------------------
)
("C:\Program Files\MiKTeX\tex/generic/tex4ht\html4-math.4ht"
version 2019-12-16-15:21
--------------------------------------
--- Note --- for pictorial eqnarray, use the command line option `pic-eqnarray'

--------------------------------------
--------------------------------------
--- Note --- for pictorial array, use the command line option `pic-array'
--------------------------------------
--------------------------------------
--- Note --- for pictorial $...$ environments, use the command line option `pic
-m' (not recommended!!)
--------------------------------------
--------------------------------------
--- Note --- for pictorial $...$ and $$...$$ environments with latex alt, use t
he command line option `pic-m+' (not safe!!)
--------------------------------------
--------------------------------------
--- Note --- for pictorial array, use the command line option `pic-array'
--------------------------------------
))
("C:\Program Files\MiKTeX\tex/generic/tex4ht\fontmath.4ht"
version 2018-11-06-15:55

("C:\Program Files\MiKTeX\tex/generic/tex4ht\html4.4ht"
version 2020-01-24-14:39
)
("C:\Program Files\MiKTeX\tex/generic/tex4ht\html4-math.4ht"
version 2019-12-16-15:21
))
("C:\Program Files\MiKTeX\tex/generic/tex4ht\article.4ht"
("C:\Program Files\MiKTeX\tex/generic/tex4ht\html4.4ht"
version 2020-01-24-14:39
--------------------------------------
--- Note --- for automatic sectioning pagination, use the command line option `
1', `2', `3', '4', '5', '6', or '7'
--------------------------------------
--------------------------------------
--- Note --- for files named derived from section titles, use the command line 
option `sec-filename'
--------------------------------------
--------------------------------------
--- Note --- for i-columns index, use the command line option `index=i' (e.g., 
index=2)
--------------------------------------
)
("C:\Program Files\MiKTeX\tex/generic/tex4ht\html4-math.4ht"
version 2019-12-16-15:21
))
("C:\Program Files\MiKTeX\tex/generic/tex4ht\inputenc.4ht"
version 2009-05-21-09:32

("C:\Program Files\MiKTeX\tex/generic/tex4ht\html4.4ht"
version 2020-01-24-14:39
)
("C:\Program Files\MiKTeX\tex/generic/tex4ht\html4-math.4ht"
version 2019-12-16-15:21
))
("C:\Program Files\MiKTeX\tex/generic/tex4ht\url.4ht"
version 2009-05-21-09:32

("C:\Program Files\MiKTeX\tex/generic/tex4ht\html4.4ht"
version 2020-01-24-14:39
--------------------------------------
--- Note --- for URL encoding within href use the command line option `url-enc'

--------------------------------------
)
("C:\Program Files\MiKTeX\tex/generic/tex4ht\html4-math.4ht"
version 2019-12-16-15:21
))
("C:\Program Files\MiKTeX\tex/generic/tex4ht\hyperref.4ht"
version 2019-09-14-15:17

("C:\Program Files\MiKTeX\tex/latex/hyperref\nameref.sty"
Package: nameref 2019/09/16 v2.46 Cross-referencing by name of section

("C:\Program Files\MiKTeX\tex/latex/refcount\refcount.sty"
Package: refcount 2019/12/15 v3.6 Data extraction from label references (HO)
)
("C:\Program Files\MiKTeX\tex/generic/gettitlestring\gettitlestring.sty"
Package: gettitlestring 2019/12/15 v1.6 Cleanup title references (HO)
)
\c@section@level=\count182
)
("C:\Program Files\MiKTeX\tex/generic/tex4ht\nameref.4ht"
version 2019-12-23-13:36

("C:\Program Files\MiKTeX\tex/generic/tex4ht\html4.4ht"
version 2020-01-24-14:39
)
("C:\Program Files\MiKTeX\tex/generic/tex4ht\html4-math.4ht"
version 2019-12-16-15:21
))
LaTeX Info: Redefining \autoref on input line 95.
\Hy@SectionHShift=\skip54

("C:\Program Files\MiKTeX\tex/generic/tex4ht\html4.4ht"
version 2020-01-24-14:39
)
("C:\Program Files\MiKTeX\tex/generic/tex4ht\html4-math.4ht"
version 2019-12-16-15:21
))
("C:\Program Files\MiKTeX\tex/generic/tex4ht\pd1enc.4ht"
version 2009-05-21-09:32

("C:\Program Files\MiKTeX\tex/generic/tex4ht\html4.4ht"
version 2020-01-24-14:39
)
("C:\Program Files\MiKTeX\tex/generic/tex4ht\html4-math.4ht"
version 2019-12-16-15:21
))
("C:\Program Files\MiKTeX\tex/generic/tex4ht\epigraph.4ht"
version 2009-05-21-09:32

("C:\Program Files\MiKTeX\tex/generic/tex4ht\html4.4ht"
version 2020-01-24-14:39
)
("C:\Program Files\MiKTeX\tex/generic/tex4ht\html4-math.4ht"
version 2019-12-16-15:21
))
("C:\Program Files\MiKTeX\tex/generic/tex4ht\graphicx.4ht"
version 2018-10-01-14:24

("C:\Program Files\MiKTeX\tex/generic/tex4ht\html4.4ht"
version 2020-01-24-14:39
)
("C:\Program Files\MiKTeX\tex/generic/tex4ht\html4-math.4ht"
version 2019-12-16-15:21
))
("C:\Program Files\MiKTeX\tex/generic/tex4ht\graphics.4ht"
("C:\Program Files\MiKTeX\tex/generic/tex4ht\html4.4ht"
version 2020-01-24-14:39
--------------------------------------
--- Note --- if included graphics are of degraded quality, try the command line
 options `graphics-num' or `graphics-'. The `num' should provide the density of
 pixels in the bitmaps (e.g., 110). 
--------------------------------------
--------------------------------------
--- Note --- for key dimensions try the option `Gin-dim'; for key dimensions wh
en bounding box is unavailable try `Gin-dim+'; neither is recommended
--------------------------------------
)
("C:\Program Files\MiKTeX\tex/generic/tex4ht\html4-math.4ht"
version 2019-12-16-15:21
))
("C:\Program Files\MiKTeX\tex/generic/tex4ht\dvips.4ht"
version 2009-05-21-09:32

("C:\Program Files\MiKTeX\tex/generic/tex4ht\html4.4ht"
version 2020-01-24-14:39
)
("C:\Program Files\MiKTeX\tex/generic/tex4ht\html4-math.4ht"
version 2019-12-16-15:21
))
("C:\Program Files\MiKTeX\tex/generic/tex4ht\color.4ht"
("C:\Program Files\MiKTeX\tex/generic/tex4ht\html4.4ht"
version 2020-01-24-14:39
)
("C:\Program Files\MiKTeX\tex/generic/tex4ht\html4-math.4ht"
version 2019-12-16-15:21
))
("C:\Program Files\MiKTeX\tex/generic/tex4ht\dvipsnam.4ht"
version 2009-05-21-09:32

("C:\Program Files\MiKTeX\tex/latex/graphics\dvipsnam.def")
("C:\Program Files\MiKTeX\tex/generic/tex4ht\html4.4ht"
version 2020-01-24-14:39
)
("C:\Program Files\MiKTeX\tex/generic/tex4ht\html4-math.4ht"
version 2019-12-16-15:21
))
("C:\Program Files\MiKTeX\tex/generic/tex4ht\html4.4ht"
version 2020-01-24-14:39
)
("C:\Program Files\MiKTeX\tex/generic/tex4ht\html4-math.4ht"
version 2019-12-16-15:21
))
("C:\Program Files\MiKTeX\tex/latex/l3backend\l3backend-dvips.def"
File: l3backend-dvips.def 2020-06-29 L3 backend support: dvips
\l__pdf_internal_box=\box45
\g__pdf_backend_object_int=\count183
\l__pdf_backend_content_box=\box46
\l__pdf_backend_model_box=\box47
\g__pdf_backend_annotation_int=\count184
\g__pdf_backend_link_int=\count185
\g__pdf_backend_link_sf_int=\count186
) (main.aux)
\openout1 = `main.aux'.

LaTeX Font Info:    Checking defaults for OML/cmm/m/it on input line 13.
LaTeX Font Info:    ... okay on input line 13.
LaTeX Font Info:    Checking defaults for OMS/cmsy/m/n on input line 13.
LaTeX Font Info:    ... okay on input line 13.
LaTeX Font Info:    Checking defaults for OT1/cmr/m/n on input line 13.
LaTeX Font Info:    ... okay on input line 13.
LaTeX Font Info:    Checking defaults for T1/cmr/m/n on input line 13.
LaTeX Font Info:    ... okay on input line 13.
LaTeX Font Info:    Checking defaults for TS1/cmr/m/n on input line 13.
LaTeX Font Info:    ... okay on input line 13.
LaTeX Font Info:    Checking defaults for OMX/cmex/m/n on input line 13.
LaTeX Font Info:    ... okay on input line 13.
LaTeX Font Info:    Checking defaults for U/cmr/m/n on input line 13.
LaTeX Font Info:    ... okay on input line 13.
LaTeX Font Info:    Checking defaults for PD1/pdf/m/n on input line 13.
LaTeX Font Info:    ... okay on input line 13.
\AtBeginShipoutBox=\box48
Package hyperref Info: Link coloring ON on input line 13.
LaTeX Info: Redefining \ref on input line 13.
LaTeX Info: Redefining \pageref on input line 13.
LaTeX Info: Redefining \nameref on input line 13.
--- file main.css ---

[1

] [2]
LaTeX Font Info:    External font `cmex10' loaded for size
(Font)              <12> on input line 15.
LaTeX Font Info:    External font `cmex10' loaded for size
(Font)              <8> on input line 15.
LaTeX Font Info:    External font `cmex10' loaded for size
(Font)              <6> on input line 15.
 (main.4ct) [3]
--- file main2.html ---
--- file main3.html ---

l.31 --- TeX4ht warning --- File `"brynn.xbb"' not found ---
l.31 --- TeX4ht warning --- Cannot determine size of graphic in "brynn.xbb" (no
 BoundingBox) ---
l. 31 --- needs --- brynn.png ---
[4


]
--- file main4.html ---
--- file main5.html ---
 [5


]
--- file main6.html ---
--- file main7.html ---
--- file main8.html ---
--- file main9.html ---
 [6



]
--- file main10.html ---
 [7


]
--- file main11.html ---
--- file main12.html ---
--- file main13.html ---
 [8



]
--- file main14.html ---
--- file main15.html ---
--- file main16.html ---
 [9


]
--- file main17.html ---
 [10

]
--- file main18.html ---
 [11


] [12] [13] (main.aux) ) 
Here is how much of TeX's memory you used:
 8541 strings out of 480791
 116206 string characters out of 2907064
 502980 words of memory out of 3000000
 24358 multiletter control sequences out of 15000+200000
 537810 words of font info for 42 fonts, out of 3000000 for 9000
 1141 hyphenation exceptions out of 8191
 42i,6n,39p,1789b,506s stack positions out of 5000i,500n,10000p,200000b,50000s

Output written on main.dvi (13 pages, 69012 bytes).
